# JRE version: 7.0_25-b15
# Java VM: Java HotSpot(TM) 64-Bit Server VM (23.25-b01 mixed mode bsd-amd64 compressed oops)
Heap
 PSYoungGen      total 49472K, used 5542K [0x0000000147e10000, 0x000000014b210000, 0x0000000165960000)
  eden space 45696K, 3% used [0x0000000147e10000,0x0000000147fcca50,0x000000014aab0000)
  from space 3776K, 99% used [0x000000014ae60000,0x000000014b20ce10,0x000000014b210000)
  to   space 3776K, 0% used [0x000000014aab0000,0x000000014aab0000,0x000000014ae60000)
 ParOldGen       total 60864K, used 4860K [0x000000010c760000, 0x00000001102d0000, 0x0000000147e10000)
  object space 60864K, 7% used [0x000000010c760000,0x000000010cc1f378,0x00000001102d0000)
 PSPermGen       total 21248K, used 19029K [0x0000000107560000, 0x0000000108a20000, 0x000000010c760000)
  object space 21248K, 89% used [0x0000000107560000,0x00000001087f55a8,0x0000000108a20000)
GC Heap History (8 events):
Event: 3.000 GC heap before
{Heap before GC invocations=1 (full 0):
 PSYoungGen      total 26624K, used 21756K [0x0000000147e10000, 0x0000000149bc0000, 0x0000000165960000)
  eden space 22848K, 95% used [0x0000000147e10000,0x000000014934f020,0x0000000149460000)
  from space 3776K, 0% used [0x0000000149810000,0x0000000149810000,0x0000000149bc0000)
  to   space 3776K, 0% used [0x0000000149460000,0x0000000149460000,0x0000000149810000)
 ParOldGen       total 60864K, used 0K [0x000000010c760000, 0x00000001102d0000, 0x0000000147e10000)
  object space 60864K, 0% used [0x000000010c760000,0x000000010c760000,0x00000001102d0000)
 PSPermGen       total 21248K, used 15798K [0x0000000107560000, 0x0000000108a20000, 0x000000010c760000)
  object space 21248K, 74% used [0x0000000107560000,0x00000001084cd818,0x0000000108a20000)
Event: 3.023 GC heap after
Heap after GC invocations=1 (full 0):
 PSYoungGen      total 26624K, used 3760K [0x0000000147e10000, 0x0000000149bc0000, 0x0000000165960000)
  eden space 22848K, 0% used [0x0000000147e10000,0x0000000147e10000,0x0000000149460000)
  from space 3776K, 99% used [0x0000000149460000,0x000000014980c010,0x0000000149810000)
  to   space 3776K, 0% used [0x0000000149810000,0x0000000149810000,0x0000000149bc0000)
 ParOldGen       total 60864K, used 1646K [0x000000010c760000, 0x00000001102d0000, 0x0000000147e10000)
  object space 60864K, 2% used [0x000000010c760000,0x000000010c8fb9c0,0x00000001102d0000)
 PSPermGen       total 21248K, used 15798K [0x0000000107560000, 0x0000000108a20000, 0x000000010c760000)
  object space 21248K, 74% used [0x0000000107560000,0x00000001084cd818,0x0000000108a20000)
}
Event: 4.176 GC heap before
{Heap before GC invocations=2 (full 0):
 PSYoungGen      total 26624K, used 26608K [0x0000000147e10000, 0x0000000149bc0000, 0x0000000165960000)
  eden space 22848K, 100% used [0x0000000147e10000,0x0000000149460000,0x0000000149460000)
  from space 3776K, 99% used [0x0000000149460000,0x000000014980c010,0x0000000149810000)
  to   space 3776K, 0% used [0x0000000149810000,0x0000000149810000,0x0000000149bc0000)
 ParOldGen       total 60864K, used 1646K [0x000000010c760000, 0x00000001102d0000, 0x0000000147e10000)
  object space 60864K, 2% used [0x000000010c760000,0x000000010c8fb9c0,0x00000001102d0000)
 PSPermGen       total 21248K, used 17560K [0x0000000107560000, 0x0000000108a20000, 0x000000010c760000)
  object space 21248K, 82% used [0x0000000107560000,0x0000000108686038,0x0000000108a20000)
Event: 4.202 GC heap after
Heap after GC invocations=2 (full 0):
 PSYoungGen      total 26624K, used 3747K [0x0000000147e10000, 0x000000014b210000, 0x0000000165960000)
  eden space 22848K, 0% used [0x0000000147e10000,0x0000000147e10000,0x0000000149460000)
  from space 3776K, 99% used [0x0000000149810000,0x0000000149bb8df0,0x0000000149bc0000)
  to   space 3776K, 0% used [0x0000000149460000,0x0000000149460000,0x0000000149810000)
 ParOldGen       total 60864K, used 3867K [0x000000010c760000, 0x00000001102d0000, 0x0000000147e10000)
  object space 60864K, 6% used [0x000000010c760000,0x000000010cb26f00,0x00000001102d0000)
 PSPermGen       total 21248K, used 17560K [0x0000000107560000, 0x0000000108a20000, 0x000000010c760000)
  object space 21248K, 82% used [0x0000000107560000,0x0000000108686038,0x0000000108a20000)
}
Event: 5.022 GC heap before
{Heap before GC invocations=3 (full 0):
 PSYoungGen      total 26624K, used 26595K [0x0000000147e10000, 0x000000014b210000, 0x0000000165960000)
  eden space 22848K, 100% used [0x0000000147e10000,0x0000000149460000,0x0000000149460000)
  from space 3776K, 99% used [0x0000000149810000,0x0000000149bb8df0,0x0000000149bc0000)
  to   space 3776K, 0% used [0x0000000149460000,0x0000000149460000,0x0000000149810000)
 ParOldGen       total 60864K, used 3867K [0x000000010c760000, 0x00000001102d0000, 0x0000000147e10000)
  object space 60864K, 6% used [0x000000010c760000,0x000000010cb26f00,0x00000001102d0000)
 PSPermGen       total 21248K, used 17968K [0x0000000107560000, 0x0000000108a20000, 0x000000010c760000)
  object space 21248K, 84% used [0x0000000107560000,0x00000001086ec360,0x0000000108a20000)
Event: 5.033 GC heap after
Heap after GC invocations=3 (full 0):
 PSYoungGen      total 26624K, used 3765K [0x0000000147e10000, 0x000000014b210000, 0x0000000165960000)
  eden space 22848K, 0% used [0x0000000147e10000,0x0000000147e10000,0x0000000149460000)
  from space 3776K, 99% used [0x0000000149460000,0x000000014980d4e8,0x0000000149810000)
  to   space 3776K, 0% used [0x000000014ae60000,0x000000014ae60000,0x000000014b210000)
 ParOldGen       total 60864K, used 4083K [0x000000010c760000, 0x00000001102d0000, 0x0000000147e10000)
  object space 60864K, 6% used [0x000000010c760000,0x000000010cb5ce20,0x00000001102d0000)
 PSPermGen       total 21248K, used 17968K [0x0000000107560000, 0x0000000108a20000, 0x000000010c760000)
  object space 21248K, 84% used [0x0000000107560000,0x00000001086ec360,0x0000000108a20000)
}
Event: 8.032 GC heap before
{Heap before GC invocations=4 (full 0):
 PSYoungGen      total 26624K, used 26613K [0x0000000147e10000, 0x000000014b210000, 0x0000000165960000)
  eden space 22848K, 100% used [0x0000000147e10000,0x0000000149460000,0x0000000149460000)
  from space 3776K, 99% used [0x0000000149460000,0x000000014980d4e8,0x0000000149810000)
  to   space 3776K, 0% used [0x000000014ae60000,0x000000014ae60000,0x000000014b210000)
 ParOldGen       total 60864K, used 4083K [0x000000010c760000, 0x00000001102d0000, 0x0000000147e10000)
  object space 60864K, 6% used [0x000000010c760000,0x000000010cb5ce20,0x00000001102d0000)
 PSPermGen       total 21248K, used 19012K [0x0000000107560000, 0x0000000108a20000, 0x000000010c760000)
  object space 21248K, 89% used [0x0000000107560000,0x00000001087f1010,0x0000000108a20000)
Event: 8.045 GC heap after
Heap after GC invocations=4 (full 0):
 PSYoungGen      total 49472K, used 3763K [0x0000000147e10000, 0x000000014b210000, 0x0000000165960000)
  eden space 45696K, 0% used [0x0000000147e10000,0x0000000147e10000,0x000000014aab0000)
  from space 3776K, 99% used [0x000000014ae60000,0x000000014b20ce10,0x000000014b210000)
  to   space 3776K, 0% used [0x000000014aab0000,0x000000014aab0000,0x000000014ae60000)
 ParOldGen       total 60864K, used 4860K [0x000000010c760000, 0x00000001102d0000, 0x0000000147e10000)
  object space 60864K, 7% used [0x000000010c760000,0x000000010cc1f378,0x00000001102d0000)
 PSPermGen       total 21248K, used 19012K [0x0000000107560000, 0x0000000108a20000, 0x000000010c760000)
  object space 21248K, 89% used [0x0000000107560000,0x00000001087f1010,0x0000000108a20000)
}

