# JRE version: 7.0_25-b15
# Java VM: Java HotSpot(TM) 64-Bit Server VM (23.25-b01 mixed mode bsd-amd64 compressed oops)
Heap
 PSYoungGen      total 25920K, used 24188K [0x0000000150900000, 0x00000001525e0000, 0x000000016d700000)
  eden space 22272K, 92% used [0x0000000150900000,0x0000000151d13a18,0x0000000151ec0000)
  from space 3648K, 99% used [0x0000000151ec0000,0x000000015224b9a8,0x0000000152250000)
  to   space 3648K, 0% used [0x0000000152250000,0x0000000152250000,0x00000001525e0000)
 ParOldGen       total 59136K, used 5453K [0x0000000116d00000, 0x000000011a6c0000, 0x0000000150900000)
  object space 59136K, 9% used [0x0000000116d00000,0x0000000117253768,0x000000011a6c0000)
 PSPermGen       total 21248K, used 18571K [0x0000000111b00000, 0x0000000112fc0000, 0x0000000116d00000)
  object space 21248K, 87% used [0x0000000111b00000,0x0000000112d22e80,0x0000000112fc0000)
GC Heap History (6 events):
Event: 5.869 GC heap before
{Heap before GC invocations=1 (full 0):
 PSYoungGen      total 25920K, used 22272K [0x0000000150900000, 0x00000001525e0000, 0x000000016d700000)
  eden space 22272K, 100% used [0x0000000150900000,0x0000000151ec0000,0x0000000151ec0000)
  from space 3648K, 0% used [0x0000000152250000,0x0000000152250000,0x00000001525e0000)
  to   space 3648K, 0% used [0x0000000151ec0000,0x0000000151ec0000,0x0000000152250000)
 ParOldGen       total 59136K, used 0K [0x0000000116d00000, 0x000000011a6c0000, 0x0000000150900000)
  object space 59136K, 0% used [0x0000000116d00000,0x0000000116d00000,0x000000011a6c0000)
 PSPermGen       total 21248K, used 15832K [0x0000000111b00000, 0x0000000112fc0000, 0x0000000116d00000)
  object space 21248K, 74% used [0x0000000111b00000,0x0000000112a76378,0x0000000112fc0000)
Event: 5.892 GC heap after
Heap after GC invocations=1 (full 0):
 PSYoungGen      total 25920K, used 3630K [0x0000000150900000, 0x00000001525e0000, 0x000000016d700000)
  eden space 22272K, 0% used [0x0000000150900000,0x0000000150900000,0x0000000151ec0000)
  from space 3648K, 99% used [0x0000000151ec0000,0x000000015224b9a8,0x0000000152250000)
  to   space 3648K, 0% used [0x0000000152250000,0x0000000152250000,0x00000001525e0000)
 ParOldGen       total 59136K, used 2550K [0x0000000116d00000, 0x000000011a6c0000, 0x0000000150900000)
  object space 59136K, 4% used [0x0000000116d00000,0x0000000116f7d818,0x000000011a6c0000)
 PSPermGen       total 21248K, used 15832K [0x0000000111b00000, 0x0000000112fc0000, 0x0000000116d00000)
  object space 21248K, 74% used [0x0000000111b00000,0x0000000112a76378,0x0000000112fc0000)
}
Event: 8.014 GC heap before
{Heap before GC invocations=2 (full 0):
 PSYoungGen      total 25920K, used 25902K [0x0000000150900000, 0x00000001525e0000, 0x000000016d700000)
  eden space 22272K, 100% used [0x0000000150900000,0x0000000151ec0000,0x0000000151ec0000)
  from space 3648K, 99% used [0x0000000151ec0000,0x000000015224b9a8,0x0000000152250000)
  to   space 3648K, 0% used [0x0000000152250000,0x0000000152250000,0x00000001525e0000)
 ParOldGen       total 59136K, used 2550K [0x0000000116d00000, 0x000000011a6c0000, 0x0000000150900000)
  object space 59136K, 4% used [0x0000000116d00000,0x0000000116f7d818,0x000000011a6c0000)
 PSPermGen       total 21248K, used 17556K [0x0000000111b00000, 0x0000000112fc0000, 0x0000000116d00000)
  object space 21248K, 82% used [0x0000000111b00000,0x0000000112c25070,0x0000000112fc0000)
Event: 8.039 GC heap after
Heap after GC invocations=2 (full 0):
 PSYoungGen      total 25920K, used 3630K [0x0000000150900000, 0x00000001525e0000, 0x000000016d700000)
  eden space 22272K, 0% used [0x0000000150900000,0x0000000150900000,0x0000000151ec0000)
  from space 3648K, 99% used [0x0000000152250000,0x00000001525db9c8,0x00000001525e0000)
  to   space 3648K, 0% used [0x0000000151ec0000,0x0000000151ec0000,0x0000000152250000)
 ParOldGen       total 59136K, used 4582K [0x0000000116d00000, 0x000000011a6c0000, 0x0000000150900000)
  object space 59136K, 7% used [0x0000000116d00000,0x0000000117179838,0x000000011a6c0000)
 PSPermGen       total 21248K, used 17556K [0x0000000111b00000, 0x0000000112fc0000, 0x0000000116d00000)
  object space 21248K, 82% used [0x0000000111b00000,0x0000000112c25070,0x0000000112fc0000)
}
Event: 9.621 GC heap before
{Heap before GC invocations=3 (full 0):
 PSYoungGen      total 25920K, used 25902K [0x0000000150900000, 0x00000001525e0000, 0x000000016d700000)
  eden space 22272K, 100% used [0x0000000150900000,0x0000000151ec0000,0x0000000151ec0000)
  from space 3648K, 99% used [0x0000000152250000,0x00000001525db9c8,0x00000001525e0000)
  to   space 3648K, 0% used [0x0000000151ec0000,0x0000000151ec0000,0x0000000152250000)
 ParOldGen       total 59136K, used 4582K [0x0000000116d00000, 0x000000011a6c0000, 0x0000000150900000)
  object space 59136K, 7% used [0x0000000116d00000,0x0000000117179838,0x000000011a6c0000)
 PSPermGen       total 21248K, used 17864K [0x0000000111b00000, 0x0000000112fc0000, 0x0000000116d00000)
  object space 21248K, 84% used [0x0000000111b00000,0x0000000112c72110,0x0000000112fc0000)
Event: 9.634 GC heap after
Heap after GC invocations=3 (full 0):
 PSYoungGen      total 25920K, used 3630K [0x0000000150900000, 0x00000001525e0000, 0x000000016d700000)
  eden space 22272K, 0% used [0x0000000150900000,0x0000000150900000,0x0000000151ec0000)
  from space 3648K, 99% used [0x0000000151ec0000,0x000000015224b9a8,0x0000000152250000)
  to   space 3648K, 0% used [0x0000000152250000,0x0000000152250000,0x00000001525e0000)
 ParOldGen       total 59136K, used 5453K [0x0000000116d00000, 0x000000011a6c0000, 0x0000000150900000)
  object space 59136K, 9% used [0x0000000116d00000,0x0000000117253768,0x000000011a6c0000)
 PSPermGen       total 21248K, used 17864K [0x0000000111b00000, 0x0000000112fc0000, 0x0000000116d00000)
  object space 21248K, 84% used [0x0000000111b00000,0x0000000112c72110,0x0000000112fc0000)
}

