# JRE version: 7.0_25-b15
# Java VM: Java HotSpot(TM) 64-Bit Server VM (23.25-b01 mixed mode bsd-amd64 compressed oops)
Heap
 def new generation   total 7488K, used 6427K [0x00000001109f0000, 0x0000000111210000, 0x0000000118bf0000)
  eden space 6656K,  95% used [0x00000001109f0000, 0x0000000111020f70, 0x0000000111070000)
  from space 832K,  10% used [0x0000000111140000, 0x0000000111155e08, 0x0000000111210000)
  to   space 832K,   0% used [0x0000000111070000, 0x0000000111070000, 0x0000000111140000)
 tenured generation   total 16640K, used 9281K [0x0000000118bf0000, 0x0000000119c30000, 0x0000000128ff0000)
   the space 16640K,  55% used [0x0000000118bf0000, 0x00000001195004b0, 0x0000000119500600, 0x0000000119c30000)
 compacting perm gen  total 21248K, used 19163K [0x0000000128ff0000, 0x000000012a4b0000, 0x000000012e1f0000)
   the space 21248K,  90% used [0x0000000128ff0000, 0x000000012a2a6c70, 0x000000012a2a6e00, 0x000000012a4b0000)
GC Heap History (10 events):
Event: 11.773 GC heap before
{Heap before GC invocations=8 (full 0):
 def new generation   total 7488K, used 6786K [0x00000001109f0000, 0x0000000111210000, 0x0000000118bf0000)
  eden space 6656K, 100% used [0x00000001109f0000, 0x0000000111070000, 0x0000000111070000)
  from space 832K,  15% used [0x0000000111070000, 0x0000000111090ad0, 0x0000000111140000)
  to   space 832K,   0% used [0x0000000111140000, 0x0000000111140000, 0x0000000111210000)
 tenured generation   total 16640K, used 7088K [0x0000000118bf0000, 0x0000000119c30000, 0x0000000128ff0000)
   the space 16640K,  42% used [0x0000000118bf0000, 0x00000001192dc098, 0x00000001192dc200, 0x0000000119c30000)
 compacting perm gen  total 21248K, used 17905K [0x0000000128ff0000, 0x000000012a4b0000, 0x000000012e1f0000)
   the space 21248K,  84% used [0x0000000128ff0000, 0x000000012a16c438, 0x000000012a16c600, 0x000000012a4b0000)
No shared spaces configured.
Event: 11.780 GC heap after
Heap after GC invocations=9 (full 0):
 def new generation   total 7488K, used 831K [0x00000001109f0000, 0x0000000111210000, 0x0000000118bf0000)
  eden space 6656K,   0% used [0x00000001109f0000, 0x00000001109f0000, 0x0000000111070000)
  from space 832K,  99% used [0x0000000111140000, 0x000000011120fff8, 0x0000000111210000)
  to   space 832K,   0% used [0x0000000111070000, 0x0000000111070000, 0x0000000111140000)
 tenured generation   total 16640K, used 9229K [0x0000000118bf0000, 0x0000000119c30000, 0x0000000128ff0000)
   the space 16640K,  55% used [0x0000000118bf0000, 0x00000001194f34e0, 0x00000001194f3600, 0x0000000119c30000)
 compacting perm gen  total 21248K, used 17905K [0x0000000128ff0000, 0x000000012a4b0000, 0x000000012e1f0000)
   the space 21248K,  84% used [0x0000000128ff0000, 0x000000012a16c438, 0x000000012a16c600, 0x000000012a4b0000)
No shared spaces configured.
}
Event: 12.740 GC heap before
{Heap before GC invocations=9 (full 0):
 def new generation   total 7488K, used 7487K [0x00000001109f0000, 0x0000000111210000, 0x0000000118bf0000)
  eden space 6656K, 100% used [0x00000001109f0000, 0x0000000111070000, 0x0000000111070000)
  from space 832K,  99% used [0x0000000111140000, 0x000000011120fff8, 0x0000000111210000)
  to   space 832K,   0% used [0x0000000111070000, 0x0000000111070000, 0x0000000111140000)
 tenured generation   total 16640K, used 9229K [0x0000000118bf0000, 0x0000000119c30000, 0x0000000128ff0000)
   the space 16640K,  55% used [0x0000000118bf0000, 0x00000001194f34e0, 0x00000001194f3600, 0x0000000119c30000)
 compacting perm gen  total 21248K, used 17966K [0x0000000128ff0000, 0x000000012a4b0000, 0x000000012e1f0000)
   the space 21248K,  84% used [0x0000000128ff0000, 0x000000012a17ba90, 0x000000012a17bc00, 0x000000012a4b0000)
No shared spaces configured.
Event: 12.742 GC heap after
Heap after GC invocations=10 (full 0):
 def new generation   total 7488K, used 90K [0x00000001109f0000, 0x0000000111210000, 0x0000000118bf0000)
  eden space 6656K,   0% used [0x00000001109f0000, 0x00000001109f0000, 0x0000000111070000)
  from space 832K,  10% used [0x0000000111070000, 0x00000001110869c0, 0x0000000111140000)
  to   space 832K,   0% used [0x0000000111140000, 0x0000000111140000, 0x0000000111210000)
 tenured generation   total 16640K, used 9281K [0x0000000118bf0000, 0x0000000119c30000, 0x0000000128ff0000)
   the space 16640K,  55% used [0x0000000118bf0000, 0x00000001195004b0, 0x0000000119500600, 0x0000000119c30000)
 compacting perm gen  total 21248K, used 17966K [0x0000000128ff0000, 0x000000012a4b0000, 0x000000012e1f0000)
   the space 21248K,  84% used [0x0000000128ff0000, 0x000000012a17ba90, 0x000000012a17bc00, 0x000000012a4b0000)
No shared spaces configured.
}
Event: 12.965 GC heap before
{Heap before GC invocations=10 (full 0):
 def new generation   total 7488K, used 6746K [0x00000001109f0000, 0x0000000111210000, 0x0000000118bf0000)
  eden space 6656K, 100% used [0x00000001109f0000, 0x0000000111070000, 0x0000000111070000)
  from space 832K,  10% used [0x0000000111070000, 0x00000001110869c0, 0x0000000111140000)
  to   space 832K,   0% used [0x0000000111140000, 0x0000000111140000, 0x0000000111210000)
 tenured generation   total 16640K, used 9281K [0x0000000118bf0000, 0x0000000119c30000, 0x0000000128ff0000)
   the space 16640K,  55% used [0x0000000118bf0000, 0x00000001195004b0, 0x0000000119500600, 0x0000000119c30000)
 compacting perm gen  total 21248K, used 17981K [0x0000000128ff0000, 0x000000012a4b0000, 0x000000012e1f0000)
   the space 21248K,  84% used [0x0000000128ff0000, 0x000000012a17f7f0, 0x000000012a17f800, 0x000000012a4b0000)
No shared spaces configured.
Event: 12.967 GC heap after
Heap after GC invocations=11 (full 0):
 def new generation   total 7488K, used 175K [0x00000001109f0000, 0x0000000111210000, 0x0000000118bf0000)
  eden space 6656K,   0% used [0x00000001109f0000, 0x00000001109f0000, 0x0000000111070000)
  from space 832K,  21% used [0x0000000111140000, 0x000000011116bc98, 0x0000000111210000)
  to   space 832K,   0% used [0x0000000111070000, 0x0000000111070000, 0x0000000111140000)
 tenured generation   total 16640K, used 9281K [0x0000000118bf0000, 0x0000000119c30000, 0x0000000128ff0000)
   the space 16640K,  55% used [0x0000000118bf0000, 0x00000001195004b0, 0x0000000119500600, 0x0000000119c30000)
 compacting perm gen  total 21248K, used 17981K [0x0000000128ff0000, 0x000000012a4b0000, 0x000000012e1f0000)
   the space 21248K,  84% used [0x0000000128ff0000, 0x000000012a17f7f0, 0x000000012a17f800, 0x000000012a4b0000)
No shared spaces configured.
}
Event: 14.091 GC heap before
{Heap before GC invocations=11 (full 0):
 def new generation   total 7488K, used 6831K [0x00000001109f0000, 0x0000000111210000, 0x0000000118bf0000)
  eden space 6656K, 100% used [0x00000001109f0000, 0x0000000111070000, 0x0000000111070000)
  from space 832K,  21% used [0x0000000111140000, 0x000000011116bc98, 0x0000000111210000)
  to   space 832K,   0% used [0x0000000111070000, 0x0000000111070000, 0x0000000111140000)
 tenured generation   total 16640K, used 9281K [0x0000000118bf0000, 0x0000000119c30000, 0x0000000128ff0000)
   the space 16640K,  55% used [0x0000000118bf0000, 0x00000001195004b0, 0x0000000119500600, 0x0000000119c30000)
 compacting perm gen  total 21248K, used 18076K [0x0000000128ff0000, 0x000000012a4b0000, 0x000000012e1f0000)
   the space 21248K,  85% used [0x0000000128ff0000, 0x000000012a1971e0, 0x000000012a197200, 0x000000012a4b0000)
No shared spaces configured.
Event: 14.093 GC heap after
Heap after GC invocations=12 (full 0):
 def new generation   total 7488K, used 81K [0x00000001109f0000, 0x0000000111210000, 0x0000000118bf0000)
  eden space 6656K,   0% used [0x00000001109f0000, 0x00000001109f0000, 0x0000000111070000)
  from space 832K,   9% used [0x0000000111070000, 0x0000000111084488, 0x0000000111140000)
  to   space 832K,   0% used [0x0000000111140000, 0x0000000111140000, 0x0000000111210000)
 tenured generation   total 16640K, used 9281K [0x0000000118bf0000, 0x0000000119c30000, 0x0000000128ff0000)
   the space 16640K,  55% used [0x0000000118bf0000, 0x00000001195004b0, 0x0000000119500600, 0x0000000119c30000)
 compacting perm gen  total 21248K, used 18076K [0x0000000128ff0000, 0x000000012a4b0000, 0x000000012e1f0000)
   the space 21248K,  85% used [0x0000000128ff0000, 0x000000012a1971e0, 0x000000012a197200, 0x000000012a4b0000)
No shared spaces configured.
}
Event: 14.794 GC heap before
{Heap before GC invocations=12 (full 0):
 def new generation   total 7488K, used 6737K [0x00000001109f0000, 0x0000000111210000, 0x0000000118bf0000)
  eden space 6656K, 100% used [0x00000001109f0000, 0x0000000111070000, 0x0000000111070000)
  from space 832K,   9% used [0x0000000111070000, 0x0000000111084488, 0x0000000111140000)
  to   space 832K,   0% used [0x0000000111140000, 0x0000000111140000, 0x0000000111210000)
 tenured generation   total 16640K, used 9281K [0x0000000118bf0000, 0x0000000119c30000, 0x0000000128ff0000)
   the space 16640K,  55% used [0x0000000118bf0000, 0x00000001195004b0, 0x0000000119500600, 0x0000000119c30000)
 compacting perm gen  total 21248K, used 18715K [0x0000000128ff0000, 0x000000012a4b0000, 0x000000012e1f0000)
   the space 21248K,  88% used [0x0000000128ff0000, 0x000000012a236f38, 0x000000012a237000, 0x000000012a4b0000)
No shared spaces configured.
Event: 14.796 GC heap after
Heap after GC invocations=13 (full 0):
 def new generation   total 7488K, used 87K [0x00000001109f0000, 0x0000000111210000, 0x0000000118bf0000)
  eden space 6656K,   0% used [0x00000001109f0000, 0x00000001109f0000, 0x0000000111070000)
  from space 832K,  10% used [0x0000000111140000, 0x0000000111155e08, 0x0000000111210000)
  to   space 832K,   0% used [0x0000000111070000, 0x0000000111070000, 0x0000000111140000)
 tenured generation   total 16640K, used 9281K [0x0000000118bf0000, 0x0000000119c30000, 0x0000000128ff0000)
   the space 16640K,  55% used [0x0000000118bf0000, 0x00000001195004b0, 0x0000000119500600, 0x0000000119c30000)
 compacting perm gen  total 21248K, used 18715K [0x0000000128ff0000, 0x000000012a4b0000, 0x000000012e1f0000)
   the space 21248K,  88% used [0x0000000128ff0000, 0x000000012a236f38, 0x000000012a237000, 0x000000012a4b0000)
No shared spaces configured.
}

